<?xml version="1.0" encoding="UTF-8"?>
<testsuite xmlns:xsi="http://www.w3.org/2001/XMLSchema-instance" xsi:noNamespaceSchemaLocation="https://maven.apache.org/surefire/maven-surefire-plugin/xsd/surefire-test-report-3.0.xsd" version="3.0" name="MainTests" time="0.285" tests="7" errors="0" skipped="0" failures="0">
  <properties>
[...]
</properties>
  <testcase name="testCheckNum(String, int)[1]" classname="MainTests" time="0.132">
    <system-out><![CDATA[Tests started.
test completed.
]]></system-out>
  </testcase>
  <testcase name="testCheckNum(String, int)[2]" classname="MainTests" time="0.004">
    <system-out><![CDATA[test completed.
]]></system-out>
  </testcase>
  <testcase name="testCheckNum(String, int)[3]" classname="MainTests" time="0.002">
    <system-out><![CDATA[test completed.
]]></system-out>
  </testcase>
  <testcase name="testPositiveNumberFilter" classname="MainTests" time="0.006">
    <system-out><![CDATA[test completed.
]]></system-out>
  </testcase>
  <testcase name="testNegativeNumberFilter(List, List)[1]" classname="MainTests" time="0.003">
    <system-out><![CDATA[test completed.
]]></system-out>
  </testcase>
  <testcase name="testNegativeNumberFilter(List, List)[2]" classname="MainTests" time="0.002">
    <system-out><![CDATA[test completed.
]]></system-out>
  </testcase>
  <testcase name="testNegativeNumberFilter(List, List)[3]" classname="MainTests" time="0.002">
    <system-out><![CDATA[test completed.
]]></system-out>
  </testcase>
</testsuite>